<?xml version="1.0" encoding="UTF-8"?>
<testsuite xmlns:xsi="http://www.w3.org/2001/XMLSchema-instance" xsi:noNamespaceSchemaLocation="https://maven.apache.org/surefire/maven-surefire-plugin/xsd/surefire-test-report.xsd" name="monappli.mvn.DequeTest" time="0.03" tests="6" errors="1" skipped="0" failures="2">
  <properties>
[...]
</properties>
  <testcase name="ajouterTeteOterTeteNValeurs" classname="monappli.mvn.DequeTest" time="0.012"/>
  <testcase name="ajouterQueueOterQueueUneValeur" classname="monappli.mvn.DequeTest" time="0.005">
    <failure type="java.lang.AssertionError">java.lang.AssertionError
	at monappli.mvn.DequeTest.ajouterQueueOterQueueUneValeur(DequeTest.java:97)
</failure>
    <system-out><![CDATA[
&amp#27;[47m&amp#27;[30majouterQueueOterQueueUneValeur -->&amp#27;[0m&amp#27;[32m OK&amp#27;[0m

]]></system-out>
  </testcase>
  <testcase name="ajouterQueueOterQueueNValeurs" classname="monappli.mvn.DequeTest" time="0.001">
    <error message="Cannot invoke &quot;monappli.mvn.Element.getValeur()&quot; because &quot;this.queue&quot; is null" type="java.lang.NullPointerException">java.lang.NullPointerException: Cannot invoke "monappli.mvn.Element.getValeur()" because "this.queue" is null
	at monappli.mvn.DequeTest.ajouterQueueOterQueueNValeurs(DequeTest.java:85)
</error>
    <system-out><![CDATA[
&amp#27;[47m&amp#27;[30majouterQueueOterQueueNValeurs -->&amp#27;[0m&amp#27;[32m OK&amp#27;[0m

]]></system-out>
  </testcase>
  <testcase name="ajouterTeteOterTeteDeuxValeurs" classname="monappli.mvn.DequeTest" time="0.001"/>
  <testcase name="ajouterQueueOterQueueDeuxValeurs" classname="monappli.mvn.DequeTest" time="0.001">
    <failure type="java.lang.AssertionError">java.lang.AssertionError
	at monappli.mvn.DequeTest.ajouterQueueOterQueueDeuxValeurs(DequeTest.java:109)
</failure>
    <system-out><![CDATA[
&amp#27;[47m&amp#27;[30majouterQueueOterQueueDeuxValeurs -->&amp#27;[0m&amp#27;[32m OK&amp#27;[0m

]]></system-out>
  </testcase>
  <testcase name="ajouterTeteOterTeteUneValeur" classname="monappli.mvn.DequeTest" time="0.001"/>
</testsuite>